<?xml version="1.0" encoding="UTF-8"?>
<!-- Generated by org.testng.reporters.JUnitReportReporter -->
<testsuite skipped="0" hostname="DESKTOP-FAC271B" name="com.training.sanity.tests.RetailRegistrationRTTC_002" tests="1" failures="0" timestamp="2019-10-23T10:08:55 IST" time="27.883" errors="0">
  <testcase name="validRegisterationTest" time="27.883" classname="com.training.sanity.tests.RetailRegistrationRTTC_002"/>
</testsuite> <!-- com.training.sanity.tests.RetailRegistrationRTTC_002 -->
