<?xml version="1.0" encoding="UTF-8"?>
<!-- Generated by org.testng.reporters.JUnitReportReporter -->
<testsuite skipped="0" hostname="DESKTOP-FAC271B" name="com.training.sanity.tests.RetailResetPasswordRTTC_003" tests="1" failures="0" timestamp="2019-10-24T01:51:23 IST" time="36.815" errors="0">
  <testcase name="validResetPasswordTest" time="36.815" classname="com.training.sanity.tests.RetailResetPasswordRTTC_003"/>
</testsuite> <!-- com.training.sanity.tests.RetailResetPasswordRTTC_003 -->
