<?xml version="1.0" encoding="UTF-8"?>
<!-- Generated by org.testng.reporters.JUnitReportReporter -->
<testsuite skipped="0" hostname="DESKTOP-FAC271B" name="com.training.sanity.tests.RetailRegistrationRTTC_001" tests="1" failures="0" timestamp="2019-10-24T00:45:07 IST" time="40.522" errors="0">
  <testcase name="validRegisterationTest" time="40.522" classname="com.training.sanity.tests.RetailRegistrationRTTC_001"/>
</testsuite> <!-- com.training.sanity.tests.RetailRegistrationRTTC_001 -->
